<?xml version="1.0" encoding="UTF-8"?>
<testsuites name="jest tests" tests="92" failures="0" errors="0" time="72.247">
  <testsuite name="Role-Based Access Control" errors="0" failures="0" skipped="0" timestamp="2025-11-12T16:30:11" time="35.58" tests="16">
    <testcase classname="Role-Based Access Control GET /api/profile/admin/users should allow admin to view all users" name="Role-Based Access Control GET /api/profile/admin/users should allow admin to view all users" time="1.695">
    </testcase>
    <testcase classname="Role-Based Access Control GET /api/profile/admin/users should deny regular user access to view all users" name="Role-Based Access Control GET /api/profile/admin/users should deny regular user access to view all users" time="1.582">
    </testcase>
    <testcase classname="Role-Based Access Control GET /api/profile/admin/users should deny unauthenticated access" name="Role-Based Access Control GET /api/profile/admin/users should deny unauthenticated access" time="1.538">
    </testcase>
    <testcase classname="Role-Based Access Control GET /api/profile/admin/users/:userId should allow admin to view specific user" name="Role-Based Access Control GET /api/profile/admin/users/:userId should allow admin to view specific user" time="1.497">
    </testcase>
    <testcase classname="Role-Based Access Control GET /api/profile/admin/users/:userId should deny regular user access to view other users" name="Role-Based Access Control GET /api/profile/admin/users/:userId should deny regular user access to view other users" time="1.475">
    </testcase>
    <testcase classname="Role-Based Access Control PUT /api/profile/admin/users/:userId/role should allow admin to change user role" name="Role-Based Access Control PUT /api/profile/admin/users/:userId/role should allow admin to change user role" time="1.52">
    </testcase>
    <testcase classname="Role-Based Access Control PUT /api/profile/admin/users/:userId/role should prevent admin from changing their own role" name="Role-Based Access Control PUT /api/profile/admin/users/:userId/role should prevent admin from changing their own role" time="1.44">
    </testcase>
    <testcase classname="Role-Based Access Control PUT /api/profile/admin/users/:userId/role should reject invalid roles" name="Role-Based Access Control PUT /api/profile/admin/users/:userId/role should reject invalid roles" time="1.514">
    </testcase>
    <testcase classname="Role-Based Access Control PUT /api/profile/admin/users/:userId/role should deny regular user from changing roles" name="Role-Based Access Control PUT /api/profile/admin/users/:userId/role should deny regular user from changing roles" time="1.508">
    </testcase>
    <testcase classname="Role-Based Access Control PUT /api/profile/admin/users/:userId/status should allow admin to deactivate user" name="Role-Based Access Control PUT /api/profile/admin/users/:userId/status should allow admin to deactivate user" time="1.535">
    </testcase>
    <testcase classname="Role-Based Access Control PUT /api/profile/admin/users/:userId/status should allow admin to activate user" name="Role-Based Access Control PUT /api/profile/admin/users/:userId/status should allow admin to activate user" time="1.52">
    </testcase>
    <testcase classname="Role-Based Access Control PUT /api/profile/admin/users/:userId/status should prevent admin from changing their own status" name="Role-Based Access Control PUT /api/profile/admin/users/:userId/status should prevent admin from changing their own status" time="1.562">
    </testcase>
    <testcase classname="Role-Based Access Control GET /api/profile/admin/stats should return system statistics for admin" name="Role-Based Access Control GET /api/profile/admin/stats should return system statistics for admin" time="3.085">
    </testcase>
    <testcase classname="Role-Based Access Control GET /api/profile/admin/stats should deny regular user access to stats" name="Role-Based Access Control GET /api/profile/admin/stats should deny regular user access to stats" time="4.285">
    </testcase>
    <testcase classname="Role-Based Access Control GET /api/profile/activity-log should allow admin to view any user activity log" name="Role-Based Access Control GET /api/profile/activity-log should allow admin to view any user activity log" time="3.888">
    </testcase>
    <testcase classname="Role-Based Access Control GET /api/profile/activity-log should allow regular user to view only their own activity log" name="Role-Based Access Control GET /api/profile/activity-log should allow regular user to view only their own activity log" time="2.803">
    </testcase>
  </testsuite>
  <testsuite name="Authentication API" errors="0" failures="0" skipped="0" timestamp="2025-11-12T16:30:47" time="23.675" tests="19">
    <testcase classname="Authentication API POST /api/auth/register should register a new user successfully" name="Authentication API POST /api/auth/register should register a new user successfully" time="2.066">
    </testcase>
    <testcase classname="Authentication API POST /api/auth/register should fail to register with duplicate email" name="Authentication API POST /api/auth/register should fail to register with duplicate email" time="0.913">
    </testcase>
    <testcase classname="Authentication API POST /api/auth/register should fail to register with invalid email" name="Authentication API POST /api/auth/register should fail to register with invalid email" time="0.879">
    </testcase>
    <testcase classname="Authentication API POST /api/auth/register should fail to register with weak password" name="Authentication API POST /api/auth/register should fail to register with weak password" time="0.811">
    </testcase>
    <testcase classname="Authentication API POST /api/auth/login should login with valid credentials" name="Authentication API POST /api/auth/login should login with valid credentials" time="1.507">
    </testcase>
    <testcase classname="Authentication API POST /api/auth/login should fail to login with invalid email" name="Authentication API POST /api/auth/login should fail to login with invalid email" time="0.726">
    </testcase>
    <testcase classname="Authentication API POST /api/auth/login should fail to login with invalid password" name="Authentication API POST /api/auth/login should fail to login with invalid password" time="1.551">
    </testcase>
    <testcase classname="Authentication API POST /api/auth/login should lock account after multiple failed attempts" name="Authentication API POST /api/auth/login should lock account after multiple failed attempts" time="3.934">
    </testcase>
    <testcase classname="Authentication API POST /api/auth/forgot-password should send password reset email for valid user" name="Authentication API POST /api/auth/forgot-password should send password reset email for valid user" time="0.458">
    </testcase>
    <testcase classname="Authentication API POST /api/auth/forgot-password should return same message for non-existent user" name="Authentication API POST /api/auth/forgot-password should return same message for non-existent user" time="0.416">
    </testcase>
    <testcase classname="Authentication API GET /api/auth/me should get current user profile with valid token" name="Authentication API GET /api/auth/me should get current user profile with valid token" time="0.774">
    </testcase>
    <testcase classname="Authentication API GET /api/auth/me should fail to get profile without token" name="Authentication API GET /api/auth/me should fail to get profile without token" time="0.771">
    </testcase>
    <testcase classname="Authentication API GET /api/auth/me should fail to get profile with invalid token" name="Authentication API GET /api/auth/me should fail to get profile with invalid token" time="0.775">
    </testcase>
    <testcase classname="Authentication API POST /api/auth/logout should logout successfully with valid token" name="Authentication API POST /api/auth/logout should logout successfully with valid token" time="0.931">
    </testcase>
    <testcase classname="Profile API GET /api/profile should get user profile with valid token" name="Profile API GET /api/profile should get user profile with valid token" time="0.792">
    </testcase>
    <testcase classname="Profile API PUT /api/profile should update user profile successfully" name="Profile API PUT /api/profile should update user profile successfully" time="0.768">
    </testcase>
    <testcase classname="Profile API PUT /api/profile should fail to update with invalid data" name="Profile API PUT /api/profile should fail to update with invalid data" time="0.759">
    </testcase>
    <testcase classname="Profile API POST /api/profile/change-password should change password successfully" name="Profile API POST /api/profile/change-password should change password successfully" time="1.54">
    </testcase>
    <testcase classname="Profile API POST /api/profile/change-password should fail to change password with wrong current password" name="Profile API POST /api/profile/change-password should fail to change password with wrong current password" time="1.127">
    </testcase>
  </testsuite>
  <testsuite name="middleware/roleAuth" errors="0" failures="0" skipped="0" timestamp="2025-11-12T16:31:11" time="5.696" tests="3">
    <testcase classname="middleware/roleAuth allows admin to access admin-only route" name="middleware/roleAuth allows admin to access admin-only route" time="1.631">
    </testcase>
    <testcase classname="middleware/roleAuth blocks regular user with 403" name="middleware/roleAuth blocks regular user with 403" time="1.682">
    </testcase>
    <testcase classname="middleware/roleAuth blocks unauthenticated request with 401" name="middleware/roleAuth blocks unauthenticated request with 401" time="1.624">
    </testcase>
  </testsuite>
  <testsuite name="Claim Status APIs (basic)" errors="0" failures="0" skipped="0" timestamp="2025-11-12T16:31:17" time="1.608" tests="1">
    <testcase classname="Claim Status APIs (basic) GET /api/claims/my should return empty list for new user" name="Claim Status APIs (basic) GET /api/claims/my should return empty list for new user" time="0.939">
    </testcase>
  </testsuite>
  <testsuite name="purchase.controller" errors="0" failures="0" skipped="0" timestamp="2025-11-12T16:31:18" time="0.255" tests="14">
    <testcase classname="purchase.controller initiatePurchase 401 if unauthenticated" name="purchase.controller initiatePurchase 401 if unauthenticated" time="0.002">
    </testcase>
    <testcase classname="purchase.controller initiatePurchase 400 if no policyId" name="purchase.controller initiatePurchase 400 if no policyId" time="0.001">
    </testcase>
    <testcase classname="purchase.controller initiatePurchase 404 if policy not found" name="purchase.controller initiatePurchase 404 if policy not found" time="0.001">
    </testcase>
    <testcase classname="purchase.controller initiatePurchase success returns 201" name="purchase.controller initiatePurchase success returns 201" time="0.001">
    </testcase>
    <testcase classname="purchase.controller completePurchase 401 if unauthenticated" name="purchase.controller completePurchase 401 if unauthenticated" time="0">
    </testcase>
    <testcase classname="purchase.controller completePurchase 400 if missing purchaseId" name="purchase.controller completePurchase 400 if missing purchaseId" time="0">
    </testcase>
    <testcase classname="purchase.controller completePurchase 404 if purchase not found" name="purchase.controller completePurchase 404 if purchase not found" time="0.001">
    </testcase>
    <testcase classname="purchase.controller completePurchase forbidden if different user" name="purchase.controller completePurchase forbidden if different user" time="0">
    </testcase>
    <testcase classname="purchase.controller completePurchase success path sets pdfPath when generatePolicyPDF resolves" name="purchase.controller completePurchase success path sets pdfPath when generatePolicyPDF resolves" time="0">
    </testcase>
    <testcase classname="purchase.controller completePurchase returns Already completed when status is success" name="purchase.controller completePurchase returns Already completed when status is success" time="0">
    </testcase>
    <testcase classname="purchase.controller completePurchase returns 400 when status is failed" name="purchase.controller completePurchase returns 400 when status is failed" time="0">
    </testcase>
    <testcase classname="purchase.controller getPurchase forbidden when user mismatch and 404 when not found" name="purchase.controller getPurchase forbidden when user mismatch and 404 when not found" time="0.001">
    </testcase>
    <testcase classname="purchase.controller downloadPDF sends file when available and PDF 404 when missing" name="purchase.controller downloadPDF sends file when available and PDF 404 when missing" time="0">
    </testcase>
    <testcase classname="purchase.controller getUserPurchases unauthorized and success" name="purchase.controller getUserPurchases unauthorized and success" time="0">
    </testcase>
  </testsuite>
  <testsuite name="claimStatusNotifier" errors="0" failures="0" skipped="0" timestamp="2025-11-12T16:31:19" time="0.207" tests="2">
    <testcase classname="claimStatusNotifier succeeds when template missing but sendEmail resolves" name="claimStatusNotifier succeeds when template missing but sendEmail resolves" time="0.019">
    </testcase>
    <testcase classname="claimStatusNotifier returns false when sendEmail rejects" name="claimStatusNotifier returns false when sendEmail rejects" time="0.001">
    </testcase>
  </testsuite>
  <testsuite name="claim.controller extra paths" errors="0" failures="0" skipped="0" timestamp="2025-11-12T16:31:19" time="0.3" tests="3">
    <testcase classname="claim.controller extra paths updateClaimStatus as admin - success path" name="claim.controller extra paths updateClaimStatus as admin - success path" time="0.004">
    </testcase>
    <testcase classname="claim.controller extra paths updateClaimStatus when db throws returns 500" name="claim.controller extra paths updateClaimStatus when db throws returns 500" time="0.026">
    </testcase>
    <testcase classname="claim.controller extra paths getClaimById returns populated claim for owner" name="claim.controller extra paths getClaimById returns populated claim for owner" time="0.001">
    </testcase>
  </testsuite>
  <testsuite name="purchase.controller error and pdf paths" errors="0" failures="0" skipped="0" timestamp="2025-11-12T16:31:19" time="0.239" tests="2">
    <testcase classname="purchase.controller error and pdf paths initiatePurchase handles save() throwing and returns 500" name="purchase.controller error and pdf paths initiatePurchase handles save() throwing and returns 500" time="0.01">
    </testcase>
    <testcase classname="purchase.controller error and pdf paths completePurchase tolerates pdf generation failure and still returns 200" name="purchase.controller error and pdf paths completePurchase tolerates pdf generation failure and still returns 200" time="0.001">
    </testcase>
  </testsuite>
  <testsuite name="generateTransactionId" errors="0" failures="0" skipped="0" timestamp="2025-11-12T16:31:19" time="0.209" tests="1">
    <testcase classname="generateTransactionId includes prefix and hex string" name="generateTransactionId includes prefix and hex string" time="0.001">
    </testcase>
  </testsuite>
  <testsuite name="policy.controller" errors="0" failures="0" skipped="0" timestamp="2025-11-12T16:31:20" time="0.238" tests="7">
    <testcase classname="policy.controller searchPolicies returns list based on filters" name="policy.controller searchPolicies returns list based on filters" time="0.002">
    </testcase>
    <testcase classname="policy.controller comparePolicies rejects non-array body" name="policy.controller comparePolicies rejects non-array body" time="0.002">
    </testcase>
    <testcase classname="policy.controller comparePolicies rejects wrong length" name="policy.controller comparePolicies rejects wrong length" time="0">
    </testcase>
    <testcase classname="policy.controller comparePolicies rejects duplicate ids" name="policy.controller comparePolicies rejects duplicate ids" time="0">
    </testcase>
    <testcase classname="policy.controller comparePolicies rejects invalid ObjectId" name="policy.controller comparePolicies rejects invalid ObjectId" time="0">
    </testcase>
    <testcase classname="policy.controller getPolicyById invalid format 400" name="policy.controller getPolicyById invalid format 400" time="0">
    </testcase>
    <testcase classname="policy.controller getPolicyById not found 404" name="policy.controller getPolicyById not found 404" time="0">
    </testcase>
  </testsuite>
  <testsuite name="claim.controller" errors="0" failures="0" skipped="0" timestamp="2025-11-12T16:31:20" time="0.3" tests="11">
    <testcase classname="claim.controller submitClaim returns 401 when unauthenticated" name="claim.controller submitClaim returns 401 when unauthenticated" time="0.001">
    </testcase>
    <testcase classname="claim.controller submitClaim validates inputs and returns 400 for missing policyId" name="claim.controller submitClaim validates inputs and returns 400 for missing policyId" time="0.001">
    </testcase>
    <testcase classname="claim.controller submitClaim returns 403 if purchase not found" name="claim.controller submitClaim returns 403 if purchase not found" time="0.001">
    </testcase>
    <testcase classname="claim.controller submitClaim success path stores files and returns 200" name="claim.controller submitClaim success path stores files and returns 200" time="0.005">
    </testcase>
    <testcase classname="claim.controller getClaimById returns 401 if unauthenticated" name="claim.controller getClaimById returns 401 if unauthenticated" time="0">
    </testcase>
    <testcase classname="claim.controller getClaimById returns 404 if not found" name="claim.controller getClaimById returns 404 if not found" time="0">
    </testcase>
    <testcase classname="claim.controller updateClaimStatus denies non-admin" name="claim.controller updateClaimStatus denies non-admin" time="0">
    </testcase>
    <testcase classname="claim.controller updateClaimStatus invalid status returns 400 for admin" name="claim.controller updateClaimStatus invalid status returns 400 for admin" time="0">
    </testcase>
    <testcase classname="claim.controller getUserClaims returns mapped list for authenticated user" name="claim.controller getUserClaims returns mapped list for authenticated user" time="0.001">
    </testcase>
    <testcase classname="claim.controller getClaimByIdDocument returns file when exists and 404 when missing" name="claim.controller getClaimByIdDocument returns file when exists and 404 when missing" time="0.001">
    </testcase>
    <testcase classname="claim.controller getAllClaimsAdmin returns 403 for non-admin and lists claims for admin" name="claim.controller getAllClaimsAdmin returns 403 for non-admin and lists claims for admin" time="0.001">
    </testcase>
  </testsuite>
  <testsuite name="StorageService" errors="0" failures="0" skipped="0" timestamp="2025-11-12T16:31:20" time="0.226" tests="5">
    <testcase classname="StorageService sanitizeFilename removes special chars and limits length" name="StorageService sanitizeFilename removes special chars and limits length" time="0.002">
    </testcase>
    <testcase classname="StorageService ensureDirectoryExists creates dir when missing" name="StorageService ensureDirectoryExists creates dir when missing" time="0.001">
    </testcase>
    <testcase classname="StorageService storeClaimDocuments moves files and returns metadata" name="StorageService storeClaimDocuments moves files and returns metadata" time="0.002">
    </testcase>
    <testcase classname="StorageService deleteClaimDocuments removes directory when exists" name="StorageService deleteClaimDocuments removes directory when exists" time="0.001">
    </testcase>
    <testcase classname="StorageService getDocumentUrl converts base path to /uploads" name="StorageService getDocumentUrl converts base path to /uploads" time="0">
    </testcase>
  </testsuite>
  <testsuite name="generatePolicyPDF" errors="0" failures="0" skipped="0" timestamp="2025-11-12T16:31:20" time="0.564" tests="1">
    <testcase classname="generatePolicyPDF resolves with a file path when PDF generation finishes" name="generatePolicyPDF resolves with a file path when PDF generation finishes" time="0.005">
    </testcase>
  </testsuite>
  <testsuite name="upload fileFilter via multer options capture" errors="0" failures="0" skipped="0" timestamp="2025-11-12T16:31:21" time="0.447" tests="1">
    <testcase classname="upload fileFilter via multer options capture fileFilter rejects invalid mimetype and accepts valid" name="upload fileFilter via multer options capture fileFilter rejects invalid mimetype and accepts valid" time="0.005">
    </testcase>
  </testsuite>
  <testsuite name="generateClaimId" errors="0" failures="0" skipped="0" timestamp="2025-11-12T16:31:21" time="0.514" tests="1">
    <testcase classname="generateClaimId returns expected format CLM-YYYYMMDD-XXXX" name="generateClaimId returns expected format CLM-YYYYMMDD-XXXX" time="0.002">
    </testcase>
  </testsuite>
  <testsuite name="authorizeRoles middleware" errors="0" failures="0" skipped="0" timestamp="2025-11-12T16:31:22" time="0.356" tests="2">
    <testcase classname="authorizeRoles middleware allows when req.user has allowed role" name="authorizeRoles middleware allows when req.user has allowed role" time="0.002">
    </testcase>
    <testcase classname="authorizeRoles middleware denies when user missing or not allowed" name="authorizeRoles middleware denies when user missing or not allowed" time="0.001">
    </testcase>
  </testsuite>
  <testsuite name="upload middleware basic checks" errors="0" failures="0" skipped="0" timestamp="2025-11-12T16:31:22" time="0.493" tests="2">
    <testcase classname="upload middleware basic checks creates temp uploads directory when missing" name="upload middleware basic checks creates temp uploads directory when missing" time="0.041">
    </testcase>
    <testcase classname="upload middleware basic checks allowed mimetypes include pdf and images" name="upload middleware basic checks allowed mimetypes include pdf and images" time="0.001">
    </testcase>
  </testsuite>
  <testsuite name="claimStatusNotifier template rendering" errors="0" failures="0" skipped="0" timestamp="2025-11-12T16:31:23" time="0.487" tests="1">
    <testcase classname="claimStatusNotifier template rendering uses template file when present and sends email" name="claimStatusNotifier template rendering uses template file when present and sends email" time="0.003">
    </testcase>
  </testsuite>
</testsuites>